\BOOKMARK [0][-]{chapter*.2}{Pr\351sentation g\351n\351rale du programme d'\351tudes}{}% 1
\BOOKMARK [1][-]{section*.3}{La situation du programme d'\351tudes dans le curriculum et sa contribution aux domaines d'apprentissage}{chapter*.2}% 2
\BOOKMARK [1][-]{section*.4}{Domaines de vie et contribution du programme aux domaines de vie}{chapter*.2}% 3
\BOOKMARK [1][-]{section*.5}{Familles de situations couvertes par le programme d'\351tudes}{chapter*.2}% 4
\BOOKMARK [1][-]{section*.6}{Modules du programme d'\351tudes}{chapter*.2}% 5
\BOOKMARK [2][-]{section*.7}{Tableau synoptique des modules du programme d'\351tudes}{section*.6}% 6
\BOOKMARK [2][-]{section*.8}{Pr\351sentation des modules}{section*.6}% 7
\BOOKMARK [1][-]{section*.9}{Quelques recommandations d'ordre p\351dagogiques}{chapter*.2}% 8
\BOOKMARK [2][-]{section*.10}{M\351thodologie recommand\351e}{section*.9}% 9
\BOOKMARK [2][-]{section*.11}{Evaluation}{section*.9}% 10
\BOOKMARK [2][-]{section*.12}{Quelques consignes relatives aux contenus et aux apprentissages}{section*.9}% 11
\BOOKMARK [-1][-]{part*.21}{Classe de sixi\350me}{}% 12
\BOOKMARK [0][-]{chapter.1}{Relations et op\351rations fondamentales dans l'ensemble des nombres d\351cimaux et des fractions}{part*.21}% 13
\BOOKMARK [1][-]{section.1.1}{Introduction}{chapter.1}% 14
\BOOKMARK [2][-]{subsection.1.1.1}{Pr\351sentation du module}{section.1.1}% 15
\BOOKMARK [2][-]{subsection.1.1.2}{Contribution du module \340 la finalit\351 et aux buts curriculaires}{section.1.1}% 16
\BOOKMARK [2][-]{subsection.1.1.3}{Contribution du module au programme d'\351tudes et aux domaines de vie}{section.1.1}% 17
\BOOKMARK [1][-]{section.1.2}{Matrice}{chapter.1}% 18
\BOOKMARK [2][-]{section*.22}{Ressource 1: Les nombres entiers naturels}{section.1.2}% 19
\BOOKMARK [2][-]{section*.23}{Ressource 2: Les fractions}{section.1.2}% 20
\BOOKMARK [2][-]{section*.24}{Ressource 3: Nombres d\351cimaux arithm\351tiques}{section.1.2}% 21
\BOOKMARK [2][-]{section*.25}{Ressource 4: Nombres d\351cimaux relatifs}{section.1.2}% 22
\BOOKMARK [2][-]{section*.26}{Ressource 5: Calcul litt\351ral}{section.1.2}% 23
\BOOKMARK [0][-]{chapter.2}{Organisation et gestion des donn\351es}{part*.21}% 24
\BOOKMARK [1][-]{section.2.1}{Introduction}{chapter.2}% 25
\BOOKMARK [2][-]{subsection.2.1.1}{Pr\351sentation du module}{section.2.1}% 26
\BOOKMARK [2][-]{subsection.2.1.2}{Contribution du module \340 la finalit\351 et aux buts curriculaires}{section.2.1}% 27
\BOOKMARK [2][-]{subsection.2.1.3}{Contribution du module au programme d'\351tudes et aux domaines de vie}{section.2.1}% 28
\BOOKMARK [1][-]{section.2.2}{Matrice}{chapter.2}% 29
\BOOKMARK [2][-]{section*.27}{Ressource: proportionnalit\351}{section.2.2}% 30
\BOOKMARK [0][-]{chapter.3}{Configurations et transformations \351l\351mentaires du plan}{part*.21}% 31
\BOOKMARK [1][-]{section.3.1}{Introduction}{chapter.3}% 32
\BOOKMARK [2][-]{subsection.3.1.1}{Pr\351sentation du module}{section.3.1}% 33
\BOOKMARK [2][-]{subsection.3.1.2}{Contribution du module \340 la finalit\351 et aux buts curriculaires}{section.3.1}% 34
\BOOKMARK [2][-]{subsection.3.1.3}{Contribution du module au programme d'\351tudes et aux domaines de vie}{section.3.1}% 35
\BOOKMARK [1][-]{section.3.2}{Matrice}{chapter.3}% 36
\BOOKMARK [2][-]{section*.28}{Ressource 1: droites du plan}{section.3.2}% 37
\BOOKMARK [2][-]{section*.29}{Ressource 2: segments}{section.3.2}% 38
\BOOKMARK [2][-]{section*.30}{Ressource 3: cercle}{section.3.2}% 39
\BOOKMARK [2][-]{section*.31}{Ressource 4: angles}{section.3.2}% 40
\BOOKMARK [2][-]{section*.32}{Ressource 5: triangles}{section.3.2}% 41
\BOOKMARK [2][-]{section*.33}{Ressource 6: parall\351logrammes}{section.3.2}% 42
\BOOKMARK [2][-]{section*.34}{Ressource 7: sym\351tries orthogonales}{section.3.2}% 43
\BOOKMARK [2][-]{section*.35}{Ressource 8: sym\351tries centrales}{section.3.2}% 44
\BOOKMARK [2][-]{section*.36}{Ressource 9: rep\351rage d'un point sur une droite}{section.3.2}% 45
\BOOKMARK [0][-]{chapter.4}{Solides de l'espace}{part*.21}% 46
\BOOKMARK [1][-]{section.4.1}{Introduction}{chapter.4}% 47
\BOOKMARK [2][-]{subsection.4.1.1}{Pr\351sentation du module}{section.4.1}% 48
\BOOKMARK [2][-]{subsection.4.1.2}{Contribution du module \340 la finalit\351 et aux buts curriculaires}{section.4.1}% 49
\BOOKMARK [2][-]{subsection.4.1.3}{Contribution du module au programme d'\351tudes et aux domaines de vie}{section.4.1}% 50
\BOOKMARK [1][-]{section.4.2}{Matrice}{chapter.4}% 51
\BOOKMARK [2][-]{section*.37}{Ressource 1: cube et pav\351 droit}{section.4.2}% 52
\BOOKMARK [2][-]{section*.38}{Ressource 2: cylindre de r\351volution}{section.4.2}% 53
\BOOKMARK [-1][-]{part*.39}{Classe de cinqui\350me}{}% 54
\BOOKMARK [0][-]{chapter.5}{Relations et op\351rations fondamentales dans l'ensemble des nombres d\351cimaux et des fractions.}{part*.39}% 55
\BOOKMARK [1][-]{section.5.1}{Introduction}{chapter.5}% 56
\BOOKMARK [2][-]{subsection.5.1.1}{Pr\351sentation du module}{section.5.1}% 57
\BOOKMARK [2][-]{subsection.5.1.2}{Contribution du module \340 la finalit\351 et aux buts curriculaires}{section.5.1}% 58
\BOOKMARK [2][-]{subsection.5.1.3}{Contribution du module au programme d'\351tudes et aux domaines de vie}{section.5.1}% 59
\BOOKMARK [1][-]{section.5.2}{Matrice}{chapter.5}% 60
\BOOKMARK [2][-]{section*.40}{Ressource 1: arithm\351tique}{section.5.2}% 61
\BOOKMARK [2][-]{section*.41}{Ressource 2: fractions}{section.5.2}% 62
\BOOKMARK [2][-]{section*.42}{Ressource 3: nombres d\351cimaux relatifs}{section.5.2}% 63
\BOOKMARK [2][-]{section*.43}{Ressource 4: calcul litt\351ral}{section.5.2}% 64
\BOOKMARK [0][-]{chapter.6}{Statistiques}{part*.39}% 65
\BOOKMARK [1][-]{section.6.1}{Introduction}{chapter.6}% 66
\BOOKMARK [2][-]{subsection.6.1.1}{Pr\351sentation du module}{section.6.1}% 67
\BOOKMARK [2][-]{subsection.6.1.2}{Contribution du module \340 la finalit\351 et aux buts curriculaires}{section.6.1}% 68
\BOOKMARK [2][-]{subsection.6.1.3}{Contribution du module au programme d'\351tudes et aux domaines de vie}{section.6.1}% 69
\BOOKMARK [1][-]{section.6.2}{Matrice}{chapter.6}% 70
\BOOKMARK [2][-]{section*.44}{Ressource 1: proportionnalit\351}{section.6.2}% 71
\BOOKMARK [2][-]{section*.45}{Ressource 2: statistiques}{section.6.2}% 72
\BOOKMARK [0][-]{chapter.7}{Configurations et transformations \351l\351mentaires du plan}{part*.39}% 73
\BOOKMARK [1][-]{section.7.1}{Introduction}{chapter.7}% 74
\BOOKMARK [2][-]{subsection.7.1.1}{Pr\351sentation du module}{section.7.1}% 75
\BOOKMARK [2][-]{subsection.7.1.2}{Contribution du module \340 la finalit\351 et aux buts curriculaires}{section.7.1}% 76
\BOOKMARK [2][-]{subsection.7.1.3}{Contribution du module au programme d'\351tudes et aux domaines de vie}{section.7.1}% 77
\BOOKMARK [1][-]{section.7.2}{Matrice}{chapter.7}% 78
\BOOKMARK [2][-]{section*.46}{Ressource 1: distances}{section.7.2}% 79
\BOOKMARK [2][-]{section*.47}{Ressource 2: triangles}{section.7.2}% 80
\BOOKMARK [2][-]{section*.48}{Ressource 3: polygones}{section.7.2}% 81
\BOOKMARK [2][-]{section*.49}{Ressource 4: sym\351tries}{section.7.2}% 82
\BOOKMARK [2][-]{section*.50}{Ressource 5: angles}{section.7.2}% 83
\BOOKMARK [2][-]{section*.51}{Ressource 6: cercle}{section.7.2}% 84
\BOOKMARK [2][-]{section*.52}{Ressource 7: rep\351rage d'un point sur une droite}{section.7.2}% 85
\BOOKMARK [2][-]{section*.53}{Ressource 8: rep\351rage d'un point sur un quadrillage}{section.7.2}% 86
\BOOKMARK [0][-]{chapter.8}{Solides de l'espace}{part*.39}% 87
\BOOKMARK [1][-]{section.8.1}{Introduction}{chapter.8}% 88
\BOOKMARK [2][-]{subsection.8.1.1}{Pr\351sentation du module}{section.8.1}% 89
\BOOKMARK [2][-]{subsection.8.1.2}{Contribution du module \340 la finalit\351 et aux buts curriculaires}{section.8.1}% 90
\BOOKMARK [2][-]{subsection.8.1.3}{Contribution du module au programme d'\351tudes et aux domaines de vie}{section.8.1}% 91
\BOOKMARK [1][-]{section.8.2}{Matrice}{chapter.8}% 92
\BOOKMARK [2][-]{section*.54}{Ressource 1: prisme droit}{section.8.2}% 93
\BOOKMARK [2][-]{section*.55}{Ressource 2: sph\350re}{section.8.2}% 94
